2025-07-04 05:15:51 - Error: Could not make a database link using root@localhost!<br/>Message: No connection could be made because the target machine actively refused it: in C:\xampp\htdocs\MyOpenCart\Demo\upload\system\library\db\mysqli.php on line 40
2025-07-04 05:15:58 - Error: Could not make a database link using root@localhost!<br/>Message: No connection could be made because the target machine actively refused it: in C:\xampp\htdocs\MyOpenCart\Demo\upload\system\library\db\mysqli.php on line 40
2025-07-05 04:02:21 - Error: Could not make a database link using root@localhost!<br/>Message: No connection could be made because the target machine actively refused it: in C:\xampp\htdocs\MyOpenCart\Demo\upload\system\library\db\mysqli.php on line 40
2025-07-05 05:37:02 - Error: Could not make a database link using root@localhost!<br/>Message: No connection could be made because the target machine actively refused it: in C:\xampp\htdocs\MyOpenCart\Demo\upload\system\library\db\mysqli.php on line 40
2025-07-05 05:42:38 - Error: MySQL server has gone away<br/>Error No: 2006<br/>SELECT * FROM `oc_translation` WHERE `store_id` = '0' AND `language_id` = '1' AND `route` = 'default': in C:\xampp\htdocs\MyOpenCart\Demo\upload\system\library\db\mysqli.php on line 76
2025-07-05 05:42:47 - Error: Could not make a database link using root@localhost!<br/>Message: No connection could be made because the target machine actively refused it: in C:\xampp\htdocs\MyOpenCart\Demo\upload\system\library\db\mysqli.php on line 40
2025-07-05 06:54:21 - Error: MySQL server has gone away<br/>Error No: 2006<br/>SELECT * FROM `oc_translation` WHERE `store_id` = '0' AND `language_id` = '1' AND `route` = 'default': in C:\xampp\htdocs\MyOpenCart\Demo\upload\system\library\db\mysqli.php on line 76
2025-07-05 07:24:18 - Error: Could not make a database link using root@localhost!<br/>Message: No connection could be made because the target machine actively refused it: in C:\xampp\htdocs\MyOpenCart\Demo\upload\system\library\db\mysqli.php on line 40
2025-07-05 07:50:26 - Error: Could not make a database link using root@localhost!<br/>Message: No connection could be made because the target machine actively refused it: in C:\xampp\htdocs\MyOpenCart\Demo\upload\system\library\db\mysqli.php on line 40
2025-07-05 07:50:38 - Error: Could not make a database link using root@localhost!<br/>Message: No connection could be made because the target machine actively refused it: in C:\xampp\htdocs\MyOpenCart\Demo\upload\system\library\db\mysqli.php on line 40
2025-07-05 09:52:10 - Error: Could not make a database link using root@localhost!<br/>Message: No connection could be made because the target machine actively refused it: in C:\xampp\htdocs\MyOpenCart\Demo\upload\system\library\db\mysqli.php on line 40
2025-07-06 05:14:21 - Error: Could not make a database link using root@localhost!<br/>Message: No connection could be made because the target machine actively refused it: in C:\xampp\htdocs\MyOpenCart\Demo\upload\system\library\db\mysqli.php on line 40
2025-07-10 06:35:40 - Error: Could not make a database link using root@localhost!<br/>Message: No connection could be made because the target machine actively refused it: in C:\xampp\htdocs\BaseeraTraders\BaseeraTraders-project1-\upload\system\library\db\mysqli.php on line 40
2025-07-10 06:35:47 - Error: Could not make a database link using root@localhost!<br/>Message: No connection could be made because the target machine actively refused it: in C:\xampp\htdocs\BaseeraTraders\BaseeraTraders-project1-\upload\system\library\db\mysqli.php on line 40
2025-07-10 06:35:50 - Error: Could not make a database link using root@localhost!<br/>Message: No connection could be made because the target machine actively refused it: in C:\xampp\htdocs\BaseeraTraders\BaseeraTraders-project1-\upload\system\library\db\mysqli.php on line 40
2025-07-10 06:36:04 - PHP Warning:  mysqli::__construct(): Error while reading greeting packet. PID=2396 in C:\xampp\htdocs\BaseeraTraders\BaseeraTraders-project1-\upload\system\library\db\mysqli.php on line 29
2025-07-10 06:36:04 - Error: Could not make a database link using root@localhost!<br/>Message: MySQL server has gone away: in C:\xampp\htdocs\BaseeraTraders\BaseeraTraders-project1-\upload\system\library\db\mysqli.php on line 40
2025-07-10 06:36:10 - Error: Could not make a database link using root@localhost!<br/>Message: No connection could be made because the target machine actively refused it: in C:\xampp\htdocs\BaseeraTraders\BaseeraTraders-project1-\upload\system\library\db\mysqli.php on line 40
2025-07-10 06:36:14 - Error: Could not make a database link using root@localhost!<br/>Message: No connection could be made because the target machine actively refused it: in C:\xampp\htdocs\BaseeraTraders\BaseeraTraders-project1-\upload\system\library\db\mysqli.php on line 40
2025-07-10 06:36:19 - Error: Could not make a database link using root@localhost!<br/>Message: No connection could be made because the target machine actively refused it: in C:\xampp\htdocs\BaseeraTraders\BaseeraTraders-project1-\upload\system\library\db\mysqli.php on line 40
2025-07-10 06:53:04 - Error: Could not make a database link using root@localhost!<br/>Message: No connection could be made because the target machine actively refused it: in C:\xampp\htdocs\BaseeraTraders\BaseeraTraders-project1-\upload\system\library\db\mysqli.php on line 40
2025-07-10 06:53:16 - Error: Could not make a database link using root@localhost!<br/>Message: No connection could be made because the target machine actively refused it: in C:\xampp\htdocs\BaseeraTraders\BaseeraTraders-project1-\upload\system\library\db\mysqli.php on line 40
2025-07-11 04:14:43 - Error: MySQL server has gone away<br/>Error No: 2006<br/>SELECT * FROM `oc_translation` WHERE `store_id` = '0' AND `language_id` = '1' AND `route` = 'default': in C:\xampp\htdocs\BaseeraTraders\BaseeraTraders-project1-\upload\system\library\db\mysqli.php on line 76
2025-07-11 04:14:52 - PHP Warning:  mysqli::__construct(): Error while reading greeting packet. PID=9768 in C:\xampp\htdocs\BaseeraTraders\BaseeraTraders-project1-\upload\system\library\db\mysqli.php on line 29
2025-07-11 04:14:52 - Error: Could not make a database link using root@localhost!<br/>Message: MySQL server has gone away: in C:\xampp\htdocs\BaseeraTraders\BaseeraTraders-project1-\upload\system\library\db\mysqli.php on line 40
2025-07-11 04:14:57 - Error: Could not make a database link using root@localhost!<br/>Message: No connection could be made because the target machine actively refused it: in C:\xampp\htdocs\BaseeraTraders\BaseeraTraders-project1-\upload\system\library\db\mysqli.php on line 40
2025-07-11 04:15:01 - PHP Warning:  mysqli::__construct(): Error while reading greeting packet. PID=9768 in C:\xampp\htdocs\BaseeraTraders\BaseeraTraders-project1-\upload\system\library\db\mysqli.php on line 29
2025-07-11 04:15:01 - Error: Could not make a database link using root@localhost!<br/>Message: MySQL server has gone away: in C:\xampp\htdocs\BaseeraTraders\BaseeraTraders-project1-\upload\system\library\db\mysqli.php on line 40
2025-07-11 04:19:34 - PHP Warning:  mysqli::__construct(): Error while reading greeting packet. PID=9768 in C:\xampp\htdocs\BaseeraTraders\BaseeraTraders-project1-\upload\system\library\db\mysqli.php on line 29
2025-07-11 04:19:34 - Error: Could not make a database link using root@localhost!<br/>Message: MySQL server has gone away: in C:\xampp\htdocs\BaseeraTraders\BaseeraTraders-project1-\upload\system\library\db\mysqli.php on line 40
2025-07-11 04:19:34 - PHP Warning:  mysqli::__construct(): Error while reading greeting packet. PID=9768 in C:\xampp\htdocs\BaseeraTraders\BaseeraTraders-project1-\upload\system\library\db\mysqli.php on line 29
2025-07-11 04:19:34 - Error: Could not make a database link using root@localhost!<br/>Message: MySQL server has gone away: in C:\xampp\htdocs\BaseeraTraders\BaseeraTraders-project1-\upload\system\library\db\mysqli.php on line 40
2025-07-11 04:19:34 - PHP Warning:  mysqli::__construct(): Error while reading greeting packet. PID=9768 in C:\xampp\htdocs\BaseeraTraders\BaseeraTraders-project1-\upload\system\library\db\mysqli.php on line 29
2025-07-11 04:19:34 - Error: Could not make a database link using root@localhost!<br/>Message: MySQL server has gone away: in C:\xampp\htdocs\BaseeraTraders\BaseeraTraders-project1-\upload\system\library\db\mysqli.php on line 40
2025-07-11 04:19:41 - PHP Warning:  mysqli::__construct(): Error while reading greeting packet. PID=9768 in C:\xampp\htdocs\BaseeraTraders\BaseeraTraders-project1-\upload\system\library\db\mysqli.php on line 29
2025-07-11 04:19:41 - Error: Could not make a database link using root@localhost!<br/>Message: MySQL server has gone away: in C:\xampp\htdocs\BaseeraTraders\BaseeraTraders-project1-\upload\system\library\db\mysqli.php on line 40
2025-07-11 04:19:47 - Error: Could not make a database link using root@localhost!<br/>Message: No connection could be made because the target machine actively refused it: in C:\xampp\htdocs\BaseeraTraders\BaseeraTraders-project1-\upload\system\library\db\mysqli.php on line 40
2025-07-15 07:00:13 - Error: Could not make a database link using root@localhost!<br/>Message: No connection could be made because the target machine actively refused it: in C:\xampp\htdocs\BaseeraTraders\BaseeraTraders-project1-\upload\system\library\db\mysqli.php on line 40
